0 info it worked if it ends with ok
1 verbose cli [ 'C:\\Program Files\\nodejs\\\\node.exe',
1 verbose cli   'C:\\Program Files\\nodejs\\node_modules\\npm\\bin\\npm-cli.js',
1 verbose cli   'faq' ]
2 info using npm@2.11.3
3 info using node@v0.12.7
4 verbose config Skipping project config: C:\Users\Radu/.npmrc. (matches userconfig)
5 verbose stack Error: spawn cmd ENOENT
5 verbose stack     at exports._errnoException (util.js:746:11)
5 verbose stack     at Process.ChildProcess._handle.onexit (child_process.js:1053:32)
5 verbose stack     at child_process.js:1144:20
5 verbose stack     at process._tickCallback (node.js:355:11)
6 verbose cwd C:\Users\Radu\Documents\GitHub\learning\require
7 error Windows_NT 6.1.7601
8 error argv "C:\\Program Files\\nodejs\\\\node.exe" "C:\\Program Files\\nodejs\\node_modules\\npm\\bin\\npm-cli.js" "faq"
9 error node v0.12.7
10 error npm  v2.11.3
11 error path cmd
12 error code ENOENT
13 error errno ENOENT
14 error syscall spawn cmd
15 error enoent spawn cmd ENOENT
15 error enoent This is most likely not a problem with npm itself
15 error enoent and is related to npm not being able to find a file.
16 verbose exit [ 1, true ]
