0 info it worked if it ends with ok
1 verbose cli [ 'C:\\Program Files\\nodejs\\node.exe',
1 verbose cli   'C:\\Users\\Radu\\AppData\\Roaming\\npm\\node_modules\\npm\\bin\\npm-cli.js',
1 verbose cli   'run',
1 verbose cli   'lite' ]
2 info using npm@3.5.3
3 info using node@v4.2.6
4 verbose run-script [ 'prelite', 'lite', 'postlite' ]
5 info lifecycle angular2-tour-of-heroes@0.0.1~prelite: angular2-tour-of-heroes@0.0.1
6 silly lifecycle angular2-tour-of-heroes@0.0.1~prelite: no script for prelite, continuing
7 info lifecycle angular2-tour-of-heroes@0.0.1~lite: angular2-tour-of-heroes@0.0.1
8 verbose lifecycle angular2-tour-of-heroes@0.0.1~lite: unsafe-perm in lifecycle true
9 verbose lifecycle angular2-tour-of-heroes@0.0.1~lite: PATH: C:\Users\Radu\AppData\Roaming\npm\node_modules\npm\bin\node-gyp-bin;C:\Users\Radu\Documents\GitHub\learning\sites\angular2-tour-of-heroes\node_modules\.bin;C:\Program Files\nodejs\node_modules\npm\bin\node-gyp-bin;C:\Users\Radu\Documents\GitHub\learning\sites\angular2-tour-of-heroes\node_modules\.bin;C:\Users\Radu\bin;C:\Program Files\Git\mingw64\bin;C:\Program Files\Git\usr\local\bin;C:\Program Files\Git\usr\bin;C:\Program Files\Git\usr\bin;C:\Program Files\Git\mingw64\bin;C:\Program Files\Git\usr\bin;C:\Program Files (x86)\NVIDIA Corporation\PhysX\Common;C:\path\to\jdk\bin;C:\Program Files (x86)\Microsoft SQL Server\100\Tools\Binn;C:\Program Files\Microsoft SQL Server\100\Tools\Binn;C:\Program Files\Microsoft SQL Server\100\DTS\Binn;C:\Program Files (x86)\QuickTime\QTSystem;C:\Program Files\Microsoft\Web Platform Installer;C:\Program Files\Microsoft SQL Server\110\Tools\Binn;C:\Program Files\Microsoft SQL Server\120\Tools\Binn;C:\Program Files (x86)\Windows Kits\10\Windows Performance Toolkit;C:\Program Files\Git\cmd;C:\Program Files (x86)\Skype\Phone;C:\Program Files\nodejs;C:\Program Files\Common Files\Microsoft Shared\Windows Live;C:\Users\Radu\AppData\Local\atom\bin;C:\Program Files (x86)\Microsoft VS Code\bin;C:\Users\Radu\AppData\Roaming\npm;C:\Program Files\Git\usr\bin\vendor_perl;C:\Program Files\Git\usr\bin\core_perl
10 verbose lifecycle angular2-tour-of-heroes@0.0.1~lite: CWD: C:\Users\Radu\Documents\GitHub\learning\sites\angular2-tour-of-heroes
11 silly lifecycle angular2-tour-of-heroes@0.0.1~lite: Args: [ '/d /s /c', 'lite-server' ]
12 silly lifecycle angular2-tour-of-heroes@0.0.1~lite: Returned: code: 1  signal: null
13 info lifecycle angular2-tour-of-heroes@0.0.1~lite: Failed to exec lite script
14 verbose stack Error: angular2-tour-of-heroes@0.0.1 lite: `lite-server`
14 verbose stack Exit status 1
14 verbose stack     at EventEmitter.<anonymous> (C:\Users\Radu\AppData\Roaming\npm\node_modules\npm\lib\utils\lifecycle.js:232:16)
14 verbose stack     at emitTwo (events.js:87:13)
14 verbose stack     at EventEmitter.emit (events.js:172:7)
14 verbose stack     at ChildProcess.<anonymous> (C:\Users\Radu\AppData\Roaming\npm\node_modules\npm\lib\utils\spawn.js:24:14)
14 verbose stack     at emitTwo (events.js:87:13)
14 verbose stack     at ChildProcess.emit (events.js:172:7)
14 verbose stack     at maybeClose (internal/child_process.js:821:16)
14 verbose stack     at Process.ChildProcess._handle.onexit (internal/child_process.js:211:5)
15 verbose pkgid angular2-tour-of-heroes@0.0.1
16 verbose cwd C:\Users\Radu\Documents\GitHub\learning\sites\angular2-tour-of-heroes
17 error Windows_NT 6.1.7601
18 error argv "C:\\Program Files\\nodejs\\node.exe" "C:\\Users\\Radu\\AppData\\Roaming\\npm\\node_modules\\npm\\bin\\npm-cli.js" "run" "lite"
19 error node v4.2.6
20 error npm  v3.5.3
21 error code ELIFECYCLE
22 error angular2-tour-of-heroes@0.0.1 lite: `lite-server`
22 error Exit status 1
23 error Failed at the angular2-tour-of-heroes@0.0.1 lite script 'lite-server'.
23 error Make sure you have the latest version of node.js and npm installed.
23 error If you do, this is most likely a problem with the angular2-tour-of-heroes package,
23 error not with npm itself.
23 error Tell the author that this fails on your system:
23 error     lite-server
23 error You can get information on how to open an issue for this project with:
23 error     npm bugs angular2-tour-of-heroes
23 error Or if that isn't available, you can get their info via:
23 error     npm owner ls angular2-tour-of-heroes
23 error There is likely additional logging output above.
24 verbose exit [ 1, true ]
